<?xml version="1.0" encoding="UTF-8"?>
<testng-results skipped="0" failed="0" total="1" passed="1">
  <reporter-output>
  </reporter-output>
  <suite name="Suite" duration-ms="245740" started-at="2017-07-14T07:18:48Z" finished-at="2017-07-14T07:22:54Z">
    <groups>
    </groups>
    <test name="Test" duration-ms="245740" started-at="2017-07-14T07:18:48Z" finished-at="2017-07-14T07:22:54Z">
      <class name="CO2.Chrome2">
        <test-method status="PASS" signature="M2()[pri:0, instance:CO2.Chrome2@204f30ec]" name="M2" is-config="true" duration-ms="18703" started-at="2017-07-14T15:18:48Z" finished-at="2017-07-14T15:19:07Z">
          <reporter-output>
          </reporter-output>
        </test-method> <!-- M2 -->
        <test-method status="PASS" signature="T1()[pri:0, instance:CO2.Chrome2@204f30ec]" name="T1" duration-ms="224703" started-at="2017-07-14T15:19:07Z" finished-at="2017-07-14T15:22:52Z">
          <reporter-output>
          </reporter-output>
        </test-method> <!-- T1 -->
        <test-method status="PASS" signature="T4()[pri:0, instance:CO2.Chrome2@204f30ec]" name="T4" is-config="true" duration-ms="2317" started-at="2017-07-14T15:22:52Z" finished-at="2017-07-14T15:22:54Z">
          <reporter-output>
          </reporter-output>
        </test-method> <!-- T4 -->
      </class> <!-- CO2.Chrome2 -->
    </test> <!-- Test -->
  </suite> <!-- Suite -->
</testng-results>
